2024-03-02 14:48:44 [error] [2024/3/2 14:48:44] 服务器没有响应
2024-03-02 14:50:27 [error] [2024/3/2 14:50:27] 请求错误 [400] 获取用户信息失败，索引信息无效！ [POST] /api/user/login
2024-03-02 14:53:18 [error] 密码错误
2024-03-02 14:53:45 [error] 密码错误
2024-03-02 14:56:29 [error] 密码错误
2024-03-02 14:56:46 [error] 密码错误
2024-03-02 14:57:31 [error] 密码错误
2024-03-02 15:55:20 [error] [2024/3/2 15:55:20] 请求错误 [400] 用户名或邮箱已存在 [POST] /api/user/create
2024-03-02 15:55:37 [error] [2024/3/2 15:55:20] 请求错误 [400] 用户名或邮箱已存在 [POST] /api/user/create
2024-03-02 15:58:25 [error] [2024/3/2 15:55:20] 请求错误 [400] 用户名或邮箱已存在 [POST] /api/user/create
2024-03-02 15:58:44 [error] [2024/3/2 15:55:20] 请求错误 [400] 用户名或邮箱已存在 [POST] /api/user/create
2024-03-02 16:00:03 [error] [2024/3/2 16:00:03] 请求错误 [400] 用户名或邮箱已存在 [POST] /api/user/create
2024-03-02 16:04:59 [error] [2024/3/2 16:04:59] 请求错误 [400] 用户名或邮箱已存在 [POST] /api/user/create
2024-03-02 16:05:52 [error] [2024/3/2 16:05:52] 请求错误 [400] 用户名或邮箱已存在 [POST] /api/user/create
2024-03-02 16:08:53 [error] [2024/3/2 16:08:53] 请求错误 [400] 用户名或邮箱已存在 [POST] /api/user/create
2024-03-02 16:09:09 [error] [2024/3/2 16:08:53] 请求错误 [400] 用户名或邮箱已存在 [POST] /api/user/create
2024-03-02 16:09:53 [error] [2024/3/2 16:09:53] 请求错误 [400] 用户名或邮箱已存在 [POST] /api/user/create
2024-03-02 16:10:57 [error] [2024/3/2 16:10:57] 请求错误 [400] 用户名或邮箱已存在 [POST] /api/user/create
2024-03-02 16:12:08 [error] [2024/3/2 16:12:07] 请求错误 [400] 用户名或邮箱已存在 [POST] /api/user/create
2024-03-02 16:14:00 [error] [2024/3/2 16:12:07] 请求错误 [400] 用户名已存在 [POST] /api/user/create
2024-03-02 16:14:13 [error] [2024/3/2 16:12:07] 请求错误 [400] 邮箱已存在 [POST] /api/user/create
2024-03-02 16:32:19 [error] [2024/3/2 16:32:19] 请求错误 [400] 用户名已存在 [POST] /api/user/create
2024-03-02 16:32:34 [error] [2024/3/2 16:32:34] 请求错误 [400] 用户名已存在 [POST] /api/user/create
2024-03-02 16:33:13 [error] [2024/3/2 16:33:13] 请求错误 [400] 用户名已存在 [POST] /api/user/create
2024-03-02 16:33:14 [error] [2024/3/2 16:33:13] 请求错误 [400] 用户名已存在 [POST] /api/user/create
