2024-03-02 14:48:44 [error] [2024/3/2 14:48:44] 服务器没有响应
2024-03-02 14:50:27 [error] [2024/3/2 14:50:27] 请求错误 [400] 获取用户信息失败，索引信息无效！ [POST] /api/user/login
2024-03-02 14:53:18 [error] 密码错误
2024-03-02 14:53:45 [error] 密码错误
2024-03-02 14:56:29 [error] 密码错误
2024-03-02 14:56:46 [error] 密码错误
2024-03-02 14:57:31 [error] 密码错误
2024-03-02 15:55:20 [error] [2024/3/2 15:55:20] 请求错误 [400] 用户名或邮箱已存在 [POST] /api/user/create
2024-03-02 15:55:37 [error] [2024/3/2 15:55:20] 请求错误 [400] 用户名或邮箱已存在 [POST] /api/user/create
2024-03-02 15:58:25 [error] [2024/3/2 15:55:20] 请求错误 [400] 用户名或邮箱已存在 [POST] /api/user/create
2024-03-02 15:58:44 [error] [2024/3/2 15:55:20] 请求错误 [400] 用户名或邮箱已存在 [POST] /api/user/create
2024-03-02 16:00:03 [error] [2024/3/2 16:00:03] 请求错误 [400] 用户名或邮箱已存在 [POST] /api/user/create
2024-03-02 16:04:59 [error] [2024/3/2 16:04:59] 请求错误 [400] 用户名或邮箱已存在 [POST] /api/user/create
2024-03-02 16:05:52 [error] [2024/3/2 16:05:52] 请求错误 [400] 用户名或邮箱已存在 [POST] /api/user/create
2024-03-02 16:08:53 [error] [2024/3/2 16:08:53] 请求错误 [400] 用户名或邮箱已存在 [POST] /api/user/create
2024-03-02 16:09:09 [error] [2024/3/2 16:08:53] 请求错误 [400] 用户名或邮箱已存在 [POST] /api/user/create
2024-03-02 16:09:53 [error] [2024/3/2 16:09:53] 请求错误 [400] 用户名或邮箱已存在 [POST] /api/user/create
2024-03-02 16:10:57 [error] [2024/3/2 16:10:57] 请求错误 [400] 用户名或邮箱已存在 [POST] /api/user/create
2024-03-02 16:12:08 [error] [2024/3/2 16:12:07] 请求错误 [400] 用户名或邮箱已存在 [POST] /api/user/create
2024-03-02 16:14:00 [error] [2024/3/2 16:12:07] 请求错误 [400] 用户名已存在 [POST] /api/user/create
2024-03-02 16:14:13 [error] [2024/3/2 16:12:07] 请求错误 [400] 邮箱已存在 [POST] /api/user/create
2024-03-02 16:32:19 [error] [2024/3/2 16:32:19] 请求错误 [400] 用户名已存在 [POST] /api/user/create
2024-03-02 16:32:34 [error] [2024/3/2 16:32:34] 请求错误 [400] 用户名已存在 [POST] /api/user/create
2024-03-02 16:33:13 [error] [2024/3/2 16:33:13] 请求错误 [400] 用户名已存在 [POST] /api/user/create
2024-03-02 16:33:14 [error] [2024/3/2 16:33:13] 请求错误 [400] 用户名已存在 [POST] /api/user/create
2024-03-02 23:05:49 [error] [2024/3/2 23:05:48] 请求错误 [401] Unauthorized [POST] /api/user/login
2024-03-02 23:08:24 [error] 密码错误
2024-03-02 23:09:02 [error] 密码错误
2024-03-02 23:09:36 [error] 密码错误
2024-03-02 23:11:22 [error] 密码错误
2024-03-02 23:12:08 [error] 密码错误
2024-03-02 23:32:14 [error] [2024/3/2 23:32:14] 请求错误 [401] Unauthorized [POST] /api/user/login
2024-03-02 23:33:15 [error] [2024/3/2 23:33:15] 请求错误 [401] Unauthorized [POST] /api/user/login
2024-03-02 23:33:52 [error] [2024/3/2 23:33:52] 请求错误 [401] Unauthorized [POST] /api/user/login
2024-03-02 23:34:12 [error] [2024/3/2 23:34:12] 请求错误 [401] Unauthorized [POST] /api/user/login
2024-03-02 23:34:14 [error] [2024/3/2 23:34:12] 请求错误 [401] Unauthorized [POST] /api/user/login
2024-03-02 23:34:34 [error] [2024/3/2 23:34:34] 请求错误 [401] Unauthorized [POST] /api/user/login
2024-03-02 23:35:59 [error] [2024/3/2 23:34:34] 请求错误 [401] Unauthorized [POST] /api/user/login
2024-03-02 23:37:06 [error] [2024/3/2 23:34:34] 服务器没有响应
2024-03-02 23:37:14 [error] [2024/3/2 23:34:34] 请求错误 [401] Unauthorized [POST] /api/user/login
2024-03-02 23:38:47 [error] [2024/3/2 23:38:47] 请求错误 [401] Unauthorized [POST] /api/user/login
2024-03-02 23:38:50 [error] [2024/3/2 23:38:47] 请求错误 [401] Unauthorized [POST] /api/user/login
2024-03-02 23:39:30 [error] [2024/3/2 23:38:47] 请求错误 [401] Unauthorized [POST] /api/user/login
2024-03-02 23:40:18 [error] [2024/3/2 23:40:18] 请求错误 [401] Unauthorized [POST] /api/user/login
2024-03-02 23:42:39 [error] 密码错误
2024-03-02 23:45:01 [error] 密码错误
2024-03-02 23:47:35 [error] 密码错误
2024-03-02 23:48:26 [error] 密码错误
2024-03-02 23:50:30 [error] 密码错误
2024-03-02 23:52:55 [error] 密码错误
2024-03-02 23:53:54 [error] 密码错误
2024-03-02 23:55:51 [error] 密码错误
2024-03-03 00:01:49 [error] 密码错误
2024-03-03 00:07:03 [error] 密码错误
2024-03-03 00:09:15 [error] 密码错误
2024-03-03 00:10:22 [error] 密码错误
2024-03-03 00:10:37 [error] 密码错误
2024-03-03 00:10:46 [error] 密码错误
2024-03-03 00:10:48 [error] 密码错误
2024-03-03 00:10:51 [error] 密码错误
2024-03-03 00:12:09 [error] 密码错误
2024-03-03 00:14:01 [error] 密码错误
2024-03-03 00:16:02 [error] 密码错误
2024-03-03 00:17:10 [error] 密码错误
2024-03-03 00:18:22 [error] 密码错误
2024-03-03 00:21:31 [error] 密码错误
2024-03-03 00:21:37 [error] 密码错误
2024-03-03 00:21:58 [error] JWT 生成失败: TypeError: res.status is not a function
2024-03-03 00:21:58 [error] 密码错误
2024-03-03 19:03:59 [error] [2024/3/3 19:03:59] 请求发送失败
2024-03-03 19:04:07 [error] [2024/3/3 19:03:59] 请求发送失败
2024-03-03 19:04:12 [error] [2024/3/3 19:03:59] 请求发送失败
2024-03-03 19:04:21 [error] [2024/3/3 19:03:59] 请求发送失败
2024-03-03 19:05:52 [error] [2024/3/3 19:05:52] 请求发送失败
2024-03-03 19:05:52 [error] Authentication failed, please log in and try again!
2024-03-03 19:07:48 [error] [2024/3/3 19:07:48] 请求发送失败
2024-03-03 19:07:48 [error] Authentication failed, please log in and try again!
2024-03-03 19:49:06 [error] [2024/3/3 19:49:06] 请求发送失败
2024-03-03 19:49:06 [error] Authentication failed, please log in and try again!
2024-03-05 13:21:35 [error] [2024/3/5 13:21:31] 请求错误 [401] Unauthorized [POST] /api/user/login
2024-03-05 13:21:35 [error] Request failed with status code 401
2024-03-05 13:31:12 [error] 请求错误 [401] Unauthorized [POST] /api/user/login
2024-03-05 13:31:12 [error] 登录失败: AxiosError: Request failed with status code 401
2024-03-05 13:35:24 [error] 请求错误 [401] Unauthorized [POST] /api/user/login
2024-03-05 13:35:46 [error] 密码错误
2024-03-05 13:42:10 [error] 密码错误
2024-03-05 13:42:31 [error] 密码错误
2024-03-05 13:43:12 [error] 密码错误
2024-03-05 13:43:30 [error] 密码错误
2024-03-05 13:44:40 [error] 密码错误
2024-03-05 13:45:00 [error] 密码错误
2024-03-05 13:46:16 [error] 密码错误
2024-03-05 13:47:07 [error] 密码错误
2024-03-05 13:48:49 [error] 密码错误
2024-03-05 13:53:41 [error] 密码错误
2024-03-05 13:57:54 [error] 密码错误
2024-03-05 13:58:47 [error] 密码错误
2024-03-05 14:01:15 [error] 密码错误
2024-03-05 14:13:39 [error] 密码错误
2024-03-05 14:15:47 [error] 密码错误
2024-03-05 14:15:56 [error] 密码错误
2024-03-05 14:17:46 [error] 密码错误
2024-03-05 14:19:16 [error] 请求错误 [401] Unauthorized [GET] /api/folder/fetch/clt5b8fvp0001gvczllkaaatj
2024-03-05 14:19:16 [error] 请求错误 [401] Unauthorized [GET] /api/folder/fetch/clt5b8fvp0001gvczllkaaatj
2024-03-05 14:19:16 [error] 请求错误 [401] Unauthorized [GET] /api/folder/fetch/clt5b8fvp0001gvczllkaaatj
2024-03-05 14:19:16 [error] 请求错误 [401] Unauthorized [GET] /api/folder/fetch/clt5b8fvp0001gvczllkaaatj
2024-03-05 19:19:38 [error] 请求错误 [401] Unauthorized [POST] /api/user/login
2024-03-05 19:20:19 [error] 请求错误 [401] Unauthorized [POST] /api/user/login
2024-03-05 19:20:22 [error] 请求错误 [401] Unauthorized [POST] /api/user/login
2024-03-05 19:20:42 [error] 密码错误
2024-03-05 19:21:18 [error] 密码错误
2024-03-05 19:34:23 [error] 服务器没有响应
2024-03-05 19:34:23 [error] 服务器没有响应
2024-03-05 19:34:23 [error] 服务器没有响应
2024-03-05 19:34:38 [error] 服务器没有响应
2024-03-05 19:34:40 [error] 服务器没有响应
2024-03-05 19:34:41 [error] 服务器没有响应
2024-03-05 22:28:36 [error] 密钥生成失败: Error: ENOENT: no such file or directory, open 'D:\GitHub\remote-nas-client-v2\keys\public-key.pem'
2024-03-05 22:28:57 [error] 密钥生成失败: Error: ENOENT: no such file or directory, open 'D:\GitHub\remote-nas-client-v2\keys\public-key.pem'
2024-03-05 22:29:30 [error] 密钥生成失败: Error: ENOENT: no such file or directory, open 'D:\GitHub\remote-nas-client-v2\keys\public-key.pem'
2024-03-05 22:31:01 [error] 密钥生成失败: Error: EISDIR: illegal operation on a directory, open 'D:\GitHub\remote-nas-client-v2\key'
2024-03-05 22:31:14 [error] 密钥生成失败: Error: ENOENT: no such file or directory, open 'D:\GitHub\remote-nas-client-v2\keys\public-key.pem'
2024-03-06 00:01:50 [error] 请求错误 [401] Unauthorized [POST] /api/user/login
