2024-03-05 16:42:53 [info] 新密钥已生成
2024-03-05 16:43:23 [info] 新密钥已生成
2024-03-05 19:19:38 [error] 请求错误 [401] Unauthorized [POST] /api/user/login
2024-03-05 19:20:19 [error] 请求错误 [401] Unauthorized [POST] /api/user/login
2024-03-05 19:20:22 [error] 请求错误 [401] Unauthorized [POST] /api/user/login
2024-03-05 19:20:42 [error] 密码错误
2024-03-05 19:21:18 [error] 密码错误
2024-03-05 19:34:23 [error] 服务器没有响应
2024-03-05 19:34:23 [error] 服务器没有响应
2024-03-05 19:34:23 [error] 服务器没有响应
2024-03-05 19:34:38 [error] 服务器没有响应
2024-03-05 19:34:40 [error] 服务器没有响应
2024-03-05 19:34:41 [error] 服务器没有响应
2024-03-05 22:28:36 [error] 密钥生成失败: Error: ENOENT: no such file or directory, open 'D:\GitHub\remote-nas-client-v2\keys\public-key.pem'
2024-03-05 22:28:57 [error] 密钥生成失败: Error: ENOENT: no such file or directory, open 'D:\GitHub\remote-nas-client-v2\keys\public-key.pem'
2024-03-05 22:29:30 [error] 密钥生成失败: Error: ENOENT: no such file or directory, open 'D:\GitHub\remote-nas-client-v2\keys\public-key.pem'
2024-03-05 22:31:01 [error] 密钥生成失败: Error: EISDIR: illegal operation on a directory, open 'D:\GitHub\remote-nas-client-v2\key'
2024-03-05 22:31:14 [error] 密钥生成失败: Error: ENOENT: no such file or directory, open 'D:\GitHub\remote-nas-client-v2\keys\public-key.pem'
2024-03-05 22:31:28 [info] 新密钥已生成
2024-03-05 22:32:07 [info] 新密钥已生成
